------------------省级复核，每天地区新增和 == 省级新增-----------------
甘肃,1月31日,地区新增核减累加值为0,省级新增-1
北京,2月2日,地区新增确诊病例累加值为35,省级新增29
北京,2月2日,地区新增核减累加值为-6,省级新增0
海南,2月4日,地区新增核减累加值为0,省级新增-1
河北,2月6日,地区新增确诊病例累加值为13,省级新增14
宁夏,2月6日,地区新增确诊病例累加值为0,省级新增3
黑龙江,2月7日,地区新增确诊病例累加值为18,省级新增19
黑龙江,2月7日,地区新增核减累加值为-1,省级新增0
内蒙古,2月7日,地区新增确诊病例累加值为4,省级新增2
宁夏,2月7日,地区新增治愈出院数累加值为2,省级新增0
山东,2月7日,地区新增确诊病例累加值为28,省级新增30
贵州,2月8日,地区新增确诊病例累加值为7,省级新增6
海南,2月8日,地区新增确诊病例累加值为6,省级新增7
河南,2月8日,地区新增确诊病例累加值为0,省级新增53
河南,2月8日,地区新增治愈出院数累加值为0,省级新增34
河南,2月8日,地区新增死亡数累加值为0,省级新增2
黑龙江,2月8日,地区新增确诊病例累加值为0,省级新增26
黑龙江,2月8日,地区新增核减累加值为0,省级新增-14
吉林,2月8日,地区新增确诊病例累加值为18,省级新增9
吉林,2月8日,地区新增治愈出院数累加值为2,省级新增1
宁夏,2月8日,地区新增确诊病例累加值为0,省级新增1
宁夏,2月8日,地区新增治愈出院数累加值为0,省级新增10
宁夏,2月8日,地区新增核减累加值为0,省级新增-1
山东,2月8日,地区新增确诊病例累加值为24,省级新增28
------------------省级复核，省级所有日期累计值 == 卫健委发布的累计值----------------
安徽,日期:1月21日,确诊累计值1,卫健委累计值0
安徽,日期:1月22日,确诊累计值8,卫健委累计值0
安徽,日期:1月23日,确诊累计值6,卫健委累计值0
安徽,日期:1月24日,确诊累计值24,卫健委累计值0
安徽,日期:1月25日,确诊累计值21,卫健委累计值0
安徽,日期:1月26日,确诊累计值10,卫健委累计值0
安徽,日期:1月27日,确诊累计值36,卫健委累计值0
安徽,日期:1月28日,确诊累计值46,卫健委累计值0
安徽,日期:1月28日,出院累计值2,卫健委累计值0
安徽,日期:1月29日,确诊累计值48,卫健委累计值0
安徽,日期:1月29日,出院累计值2,卫健委累计值0
安徽,日期:1月30日,确诊累计值37,卫健委累计值0
安徽,日期:1月30日,出院累计值1,卫健委累计值0
安徽,日期:1月31日,确诊累计值60,卫健委累计值0
安徽,日期:2月1日,确诊累计值43,卫健委累计值0
安徽,日期:2月1日,出院累计值2,卫健委累计值0
安徽,日期:2月2日,确诊累计值68,卫健委累计值0
安徽,日期:2月2日,出院累计值2,卫健委累计值0
安徽,日期:2月3日,确诊累计值72,卫健委累计值0
安徽,日期:2月3日,出院累计值7,卫健委累计值0
安徽,日期:2月4日,确诊累计值50,卫健委累计值0
安徽,日期:2月4日,出院累计值6,卫健委累计值0
安徽,日期:2月5日,确诊累计值61,卫健委累计值0
安徽,日期:2月5日,出院累计值3,卫健委累计值0
安徽,日期:2月6日,确诊累计值74,卫健委累计值0
安徽,日期:2月6日,出院累计值11,卫健委累计值0
安徽,日期:2月7日,确诊累计值68,卫健委累计值0
安徽,日期:2月7日,出院累计值13,卫健委累计值0
安徽,日期:2月8日,确诊累计值46,卫健委累计值0
北京,日期:1月19日,确诊累计值2,卫健委累计值0
北京,日期:1月20日,确诊累计值3,卫健委累计值0
北京,日期:1月21日,确诊累计值5,卫健委累计值0
北京,日期:1月22日,确诊累计值4,卫健委累计值0
北京,日期:1月23日,确诊累计值12,卫健委累计值0
北京,日期:1月24日,确诊累计值15,卫健委累计值0
北京,日期:1月24日,出院累计值1,卫健委累计值0
北京,日期:1月25日,确诊累计值13,卫健委累计值0
北京,日期:1月25日,出院累计值1,卫健委累计值0
北京,日期:1月26日,确诊累计值18,卫健委累计值0
北京,日期:1月27日,确诊累计值19,卫健委累计值0
北京,日期:1月27日,死亡累计值1,卫健委累计值0
北京,日期:1月28日,确诊累计值11,卫健委累计值0
北京,日期:1月28日,出院累计值2,卫健委累计值0
北京,日期:1月29日,确诊累计值12,卫健委累计值0
北京,日期:1月30日,确诊累计值18,卫健委累计值0
北京,日期:1月30日,出院累计值1,卫健委累计值0
北京,日期:1月31日,确诊累计值24,卫健委累计值0
北京,日期:2月1日,确诊累计值27,卫健委累计值0
北京,日期:2月1日,出院累计值4,卫健委累计值0
北京,日期:2月2日,确诊累计值29,卫健委累计值0
北京,日期:2月2日,出院累计值3,卫健委累计值0
北京,日期:2月3日,确诊累计值16,卫健委累计值0
北京,日期:2月3日,出院累计值11,卫健委累计值0
北京,日期:2月4日,确诊累计值25,卫健委累计值0
北京,日期:2月4日,出院累计值1,卫健委累计值0
北京,日期:2月5日,确诊累计值21,卫健委累计值0
北京,日期:2月5日,出院累计值7,卫健委累计值0
北京,日期:2月6日,确诊累计值23,卫健委累计值0
北京,日期:2月7日,确诊累计值18,卫健委累计值0
北京,日期:2月7日,出院累计值1,卫健委累计值0
北京,日期:2月7日,死亡累计值1,卫健委累计值0
北京,日期:2月8日,确诊累计值11,卫健委累计值326
北京,日期:2月8日,出院累计值1,卫健委累计值0
北京,日期:2月8日,死亡累计值1,卫健委累计值0
福建,日期:1月21日,确诊累计值1,卫健委累计值0
福建,日期:1月22日,确诊累计值4,卫健委累计值0
福建,日期:1月23日,确诊累计值5,卫健委累计值0
福建,日期:1月24日,确诊累计值8,卫健委累计值0
福建,日期:1月25日,确诊累计值17,卫健委累计值0
福建,日期:1月26日,确诊累计值24,卫健委累计值0
福建,日期:1月27日,确诊累计值21,卫健委累计值0
福建,日期:1月28日,确诊累计值9,卫健委累计值0
福建,日期:1月29日,确诊累计值19,卫健委累计值0
福建,日期:1月30日,确诊累计值19,卫健委累计值0
福建,日期:1月31日,确诊累计值24,卫健委累计值0
福建,日期:2月1日,确诊累计值15,卫健委累计值0
福建,日期:2月2日,确诊累计值20,卫健委累计值0
福建,日期:2月3日,确诊累计值15,卫健委累计值0
福建,日期:2月3日,出院累计值1,卫健委累计值0
福建,日期:2月4日,确诊累计值11,卫健委累计值0
福建,日期:2月4日,出院累计值6,卫健委累计值0
福建,日期:2月5日,确诊累计值10,卫健委累计值0
福建,日期:2月5日,出院累计值4,卫健委累计值0
福建,日期:2月6日,确诊累计值9,卫健委累计值0
福建,日期:2月7日,确诊累计值15,卫健委累计值0
福建,日期:2月7日,出院累计值5,卫健委累计值0
福建,日期:2月8日,确诊累计值11,卫健委累计值0
福建,日期:2月8日,出院累计值4,卫健委累计值0
甘肃,日期:1月22日,确诊累计值2,卫健委累计值0
甘肃,日期:1月24日,确诊累计值2,卫健委累计值0
甘肃,日期:1月25日,确诊累计值3,卫健委累计值0
甘肃,日期:1月26日,确诊累计值7,卫健委累计值0
甘肃,日期:1月27日,确诊累计值5,卫健委累计值0
甘肃,日期:1月28日,确诊累计值5,卫健委累计值0
甘肃,日期:1月29日,确诊累计值2,卫健委累计值0
甘肃,日期:1月30日,确诊累计值5,卫健委累计值0
甘肃,日期:1月31日,确诊累计值7,卫健委累计值0
甘肃,日期:2月1日,确诊累计值5,卫健委累计值0
甘肃,日期:2月2日,确诊累计值11,卫健委累计值0
甘肃,日期:2月2日,出院累计值3,卫健委累计值0
甘肃,日期:2月3日,确诊累计值4,卫健委累计值0
甘肃,日期:2月4日,确诊累计值2,卫健委累计值0
甘肃,日期:2月4日,出院累计值1,卫健委累计值0
甘肃,日期:2月5日,确诊累计值5,卫健委累计值0
甘肃,日期:2月5日,出院累计值2,卫健委累计值0
甘肃,日期:2月6日,确诊累计值5,卫健委累计值0
甘肃,日期:2月6日,出院累计值3,卫健委累计值0
甘肃,日期:2月7日,确诊累计值4,卫健委累计值0
甘肃,日期:2月7日,死亡累计值1,卫健委累计值0
甘肃,日期:2月8日,确诊累计值8,卫健委累计值0
甘肃,日期:2月8日,出院累计值3,卫健委累计值0
广东,日期:1月19日,确诊累计值1,卫健委累计值0
广东,日期:1月20日,确诊累计值13,卫健委累计值0
广东,日期:1月21日,确诊累计值12,卫健委累计值0
广东,日期:1月22日,确诊累计值6,卫健委累计值0
广东,日期:1月23日,确诊累计值21,卫健委累计值0
广东,日期:1月23日,出院累计值2,卫健委累计值0
广东,日期:1月24日,确诊累计值25,卫健委累计值0
广东,日期:1月25日,确诊累计值20,卫健委累计值0
广东,日期:1月26日,确诊累计值48,卫健委累计值0
广东,日期:1月27日,确诊累计值42,卫健委累计值0
广东,日期:1月27日,出院累计值2,卫健委累计值0
广东,日期:1月28日,确诊累计值53,卫健委累计值0
广东,日期:1月28日,出院累计值1,卫健委累计值0
广东,日期:1月29日,确诊累计值70,卫健委累计值0
广东,日期:1月29日,出院累计值1,卫健委累计值0
广东,日期:1月30日,确诊累计值82,卫健委累计值0
广东,日期:1月30日,出院累计值3,卫健委累计值0
广东,日期:1月31日,确诊累计值127,卫健委累计值0
广东,日期:1月31日,出院累计值1,卫健委累计值0
广东,日期:2月1日,确诊累计值84,卫健委累计值0
广东,日期:2月1日,出院累计值2,卫健委累计值0
广东,日期:2月2日,确诊累计值79,卫健委累计值0
广东,日期:2月2日,出院累计值2,卫健委累计值0
广东,日期:2月3日,确诊累计值114,卫健委累计值0
广东,日期:2月3日,出院累计值6,卫健委累计值0
广东,日期:2月4日,确诊累计值73,卫健委累计值0
广东,日期:2月4日,出院累计值12,卫健委累计值0
广东,日期:2月5日,确诊累计值74,卫健委累计值0
广东,日期:2月5日,出院累计值17,卫健委累计值0
广东,日期:2月6日,确诊累计值74,卫健委累计值0
广东,日期:2月6日,出院累计值19,卫健委累计值0
广东,日期:2月6日,死亡累计值1,卫健委累计值0
广东,日期:2月7日,确诊累计值57,卫健委累计值0
广东,日期:2月7日,出院累计值29,卫健委累计值0
广东,日期:2月7日,死亡累计值1,卫健委累计值0
广东,日期:2月8日,确诊累计值45,卫健委累计值0
广东,日期:2月8日,出院累计值28,卫健委累计值0
广西,日期:1月22日,确诊累计值5,卫健委累计值0
广西,日期:1月23日,确诊累计值8,卫健委累计值0
广西,日期:1月24日,确诊累计值10,卫健委累计值0
广西,日期:1月25日,确诊累计值10,卫健委累计值0
广西,日期:1月26日,确诊累计值13,卫健委累计值0
广西,日期:1月27日,确诊累计值5,卫健委累计值0
广西,日期:1月28日,确诊累计值7,卫健委累计值0
广西,日期:1月28日,出院累计值2,卫健委累计值0
广西,日期:1月29日,确诊累计值20,卫健委累计值0
广西,日期:1月30日,确诊累计值9,卫健委累计值0
广西,日期:1月31日,确诊累计值13,卫健委累计值0
广西,日期:2月1日,确诊累计值11,卫健委累计值0
广西,日期:2月2日,确诊累计值16,卫健委累计值0
广西,日期:2月3日,确诊累计值12,卫健委累计值0
广西,日期:2月3日,出院累计值5,卫健委累计值0
广西,日期:2月4日,确诊累计值11,卫健委累计值0
广西,日期:2月4日,出院累计值3,卫健委累计值0
广西,日期:2月5日,确诊累计值18,卫健委累计值0
广西,日期:2月5日,出院累计值4,卫健委累计值0
广西,日期:2月6日,确诊累计值4,卫健委累计值0
广西,日期:2月7日,确诊累计值11,卫健委累计值0
广西,日期:2月8日,确诊累计值12,卫健委累计值6
广西,日期:2月8日,出院累计值1,卫健委累计值6
广西,日期:2月8日,死亡累计值1,卫健委累计值6
贵州,日期:1月22日,确诊累计值3,卫健委累计值0
贵州,日期:1月24日,确诊累计值1,卫健委累计值0
贵州,日期:1月25日,确诊累计值1,卫健委累计值0
贵州,日期:1月26日,确诊累计值2,卫健委累计值0
贵州,日期:1月27日,确诊累计值2,卫健委累计值0
贵州,日期:1月28日,出院累计值1,卫健委累计值0
贵州,日期:1月29日,确诊累计值3,卫健委累计值0
贵州,日期:1月30日,确诊累计值3,卫健委累计值0
贵州,日期:1月31日,确诊累计值14,卫健委累计值0
贵州,日期:1月31日,出院累计值1,卫健委累计值0
贵州,日期:2月1日,确诊累计值9,卫健委累计值0
贵州,日期:2月2日,确诊累计值8,卫健委累计值0
贵州,日期:2月3日,确诊累计值10,卫健委累计值0
贵州,日期:2月4日,确诊累计值8,卫健委累计值0
贵州,日期:2月4日,出院累计值3,卫健委累计值0
贵州,日期:2月5日,确诊累计值5,卫健委累计值0
贵州,日期:2月5日,出院累计值1,卫健委累计值0
贵州,日期:2月5日,死亡累计值1,卫健委累计值0
贵州,日期:2月6日,确诊累计值8,卫健委累计值0
贵州,日期:2月7日,确诊累计值12,卫健委累计值0
贵州,日期:2月8日,出院累计值1,卫健委累计值6
贵州,日期:2月8日,死亡累计值0,卫健委累计值6
海南,日期:1月22日,确诊累计值4,卫健委累计值0
海南,日期:1月23日,确诊累计值4,卫健委累计值0
海南,日期:1月24日,确诊累计值9,卫健委累计值0
海南,日期:1月25日,确诊累计值5,卫健委累计值0
海南,日期:1月26日,确诊累计值9,卫健委累计值0
海南,日期:1月27日,确诊累计值9,卫健委累计值0
海南,日期:1月27日,死亡累计值1,卫健委累计值0
海南,日期:1月28日,确诊累计值5,卫健委累计值0
海南,日期:1月29日,确诊累计值3,卫健委累计值0
海南,日期:1月29日,出院累计值1,卫健委累计值0
海南,日期:1月30日,确诊累计值3,卫健委累计值0
海南,日期:1月31日,确诊累计值8,卫健委累计值0
海南,日期:2月1日,确诊累计值6,卫健委累计值0
海南,日期:2月2日,确诊累计值7,卫健委累计值0
海南,日期:2月2日,出院累计值3,卫健委累计值0
海南,日期:2月3日,确诊累计值9,卫健委累计值0
海南,日期:2月4日,确诊累计值12,卫健委累计值0
海南,日期:2月4日,出院累计值1,卫健委累计值0
海南,日期:2月5日,确诊累计值11,卫健委累计值0
海南,日期:2月5日,出院累计值1,卫健委累计值0
海南,日期:2月6日,确诊累计值11,卫健委累计值0
海南,日期:2月6日,出院累计值2,卫健委累计值0
海南,日期:2月6日,死亡累计值1,卫健委累计值0
海南,日期:2月7日,确诊累计值11,卫健委累计值0
海南,日期:2月8日,确诊累计值7,卫健委累计值6
海南,日期:2月8日,出院累计值0,卫健委累计值6
海南,日期:2月8日,死亡累计值0,卫健委累计值6
河北,日期:1月22日,确诊累计值1,卫健委累计值0
河北,日期:1月23日,确诊累计值1,卫健委累计值0
河北,日期:1月23日,死亡累计值1,卫健委累计值0
河北,日期:1月24日,确诊累计值6,卫健委累计值0
河北,日期:1月25日,确诊累计值5,卫健委累计值0
河北,日期:1月26日,确诊累计值5,卫健委累计值0
河北,日期:1月27日,确诊累计值15,卫健委累计值0
河北,日期:1月28日,确诊累计值15,卫健委累计值0
河北,日期:1月29日,确诊累计值17,卫健委累计值0
河北,日期:1月30日,确诊累计值17,卫健委累计值0
河北,日期:1月31日,确诊累计值14,卫健委累计值0
河北,日期:2月1日,确诊累计值8,卫健委累计值0
河北,日期:2月1日,出院累计值3,卫健委累计值0
河北,日期:2月2日,确诊累计值9,卫健委累计值0
河北,日期:2月3日,确诊累计值13,卫健委累计值0
河北,日期:2月4日,确诊累计值9,卫健委累计值0
河北,日期:2月4日,出院累计值1,卫健委累计值0
河北,日期:2月5日,确诊累计值22,卫健委累计值0
河北,日期:2月5日,出院累计值3,卫健委累计值0
河北,日期:2月6日,确诊累计值14,卫健委累计值0
河北,日期:2月7日,确诊累计值24,卫健委累计值0
河北,日期:2月7日,出院累计值9,卫健委累计值0
河北,日期:2月8日,确诊累计值11,卫健委累计值6
河北,日期:2月8日,出院累计值5,卫健委累计值6
河北,日期:2月8日,死亡累计值1,卫健委累计值6
河南,日期:1月21日,确诊累计值1,卫健委累计值0
河南,日期:1月22日,确诊累计值4,卫健委累计值0
河南,日期:1月23日,确诊累计值4,卫健委累计值0
河南,日期:1月24日,确诊累计值23,卫健委累计值0
河南,日期:1月25日,确诊累计值51,卫健委累计值0
河南,日期:1月25日,死亡累计值1,卫健委累计值0
河南,日期:1月26日,确诊累计值45,卫健委累计值0
河南,日期:1月27日,确诊累计值40,卫健委累计值0
河南,日期:1月28日,确诊累计值38,卫健委累计值0
河南,日期:1月28日,出院累计值1,卫健委累计值0
河南,日期:1月28日,死亡累计值1,卫健委累计值0
河南,日期:1月29日,确诊累计值72,卫健委累计值0
河南,日期:1月29日,出院累计值1,卫健委累计值0
河南,日期:1月30日,确诊累计值74,卫健委累计值0
河南,日期:1月30日,出院累计值1,卫健委累计值0
河南,日期:1月31日,确诊累计值70,卫健委累计值0
河南,日期:2月1日,确诊累计值71,卫健委累计值0
河南,日期:2月1日,出院累计值1,卫健委累计值0
河南,日期:2月2日,确诊累计值73,卫健委累计值0
河南,日期:2月2日,出院累计值10,卫健委累计值0
河南,日期:2月3日,确诊累计值109,卫健委累计值0
河南,日期:2月3日,出院累计值6,卫健委累计值0
河南,日期:2月4日,确诊累计值89,卫健委累计值0
河南,日期:2月4日,出院累计值21,卫健委累计值0
河南,日期:2月5日,确诊累计值87,卫健委累计值0
河南,日期:2月5日,出院累计值13,卫健委累计值0
河南,日期:2月6日,确诊累计值63,卫健委累计值0
河南,日期:2月6日,出院累计值14,卫健委累计值0
河南,日期:2月6日,死亡累计值1,卫健委累计值0
河南,日期:2月7日,确诊累计值67,卫健委累计值0
河南,日期:2月7日,出院累计值29,卫健委累计值0
河南,日期:2月7日,死亡累计值1,卫健委累计值0
河南,日期:2月8日,确诊累计值53,卫健委累计值6
河南,日期:2月8日,出院累计值34,卫健委累计值6
河南,日期:2月8日,死亡累计值2,卫健委累计值6
黑龙江,日期:1月22日,确诊累计值2,卫健委累计值0
黑龙江,日期:1月23日,确诊累计值2,卫健委累计值0
黑龙江,日期:1月23日,死亡累计值1,卫健委累计值0
黑龙江,日期:1月24日,确诊累计值5,卫健委累计值0
黑龙江,日期:1月25日,确诊累计值6,卫健委累计值0
黑龙江,日期:1月26日,确诊累计值6,卫健委累计值0
黑龙江,日期:1月27日,确诊累计值9,卫健委累计值0
黑龙江,日期:1月28日,确诊累计值7,卫健委累计值0
黑龙江,日期:1月29日,确诊累计值6,卫健委累计值0
黑龙江,日期:1月30日,确诊累计值16,卫健委累计值0
黑龙江,日期:1月30日,死亡累计值1,卫健委累计值0
黑龙江,日期:1月31日,确诊累计值21,卫健委累计值0
黑龙江,日期:2月1日,确诊累计值15,卫健委累计值0
黑龙江,日期:2月1日,出院累计值2,卫健委累计值0
黑龙江,日期:2月2日,确诊累计值23,卫健委累计值0
黑龙江,日期:2月3日,确诊累计值37,卫健委累计值0
黑龙江,日期:2月4日,确诊累计值35,卫健委累计值0
黑龙江,日期:2月4日,出院累计值2,卫健委累计值0
黑龙江,日期:2月5日,确诊累计值37,卫健委累计值0
黑龙江,日期:2月5日,出院累计值3,卫健委累计值0
黑龙江,日期:2月5日,死亡累计值1,卫健委累计值0
黑龙江,日期:2月6日,确诊累计值50,卫健委累计值0
黑龙江,日期:2月6日,出院累计值1,卫健委累计值0
黑龙江,日期:2月7日,确诊累计值19,卫健委累计值0
黑龙江,日期:2月7日,出院累计值4,卫健委累计值0
黑龙江,日期:2月7日,死亡累计值2,卫健委累计值0
黑龙江,日期:2月8日,确诊累计值40,卫健委累计值6
黑龙江,日期:2月8日,出院累计值1,卫健委累计值6
黑龙江,日期:2月8日,死亡累计值1,卫健委累计值6
湖北,日期:1月10日,确诊累计值41,卫健委累计值0
湖北,日期:1月10日,出院累计值2,卫健委累计值0
湖北,日期:1月10日,死亡累计值1,卫健委累计值0
湖北,日期:1月11日,出院累计值4,卫健委累计值0
湖北,日期:1月12日,出院累计值1,卫健委累计值0
湖北,日期:1月15日,出院累计值5,卫健委累计值0
湖北,日期:1月15日,死亡累计值1,卫健委累计值0
湖北,日期:1月16日,确诊累计值4,卫健委累计值0
湖北,日期:1月16日,出院累计值3,卫健委累计值0
湖北,日期:1月17日,确诊累计值17,卫健委累计值0
湖北,日期:1月17日,出院累计值4,卫健委累计值0
湖北,日期:1月18日,确诊累计值59,卫健委累计值0
湖北,日期:1月18日,出院累计值5,卫健委累计值0
湖北,日期:1月18日,死亡累计值1,卫健委累计值0
湖北,日期:1月19日,确诊累计值77,卫健委累计值0
湖北,日期:1月19日,出院累计值1,卫健委累计值0
湖北,日期:1月19日,死亡累计值1,卫健委累计值0
湖北,日期:1月20日,确诊累计值72,卫健委累计值0
湖北,日期:1月20日,死亡累计值2,卫健委累计值0
湖北,日期:1月21日,确诊累计值105,卫健委累计值0
湖北,日期:1月21日,出院累计值3,卫健委累计值0
湖北,日期:1月21日,死亡累计值3,卫健委累计值0
湖北,日期:1月22日,确诊累计值69,卫健委累计值0
湖北,日期:1月22日,死亡累计值8,卫健委累计值0
湖北,日期:1月23日,确诊累计值105,卫健委累计值0
湖北,日期:1月23日,出院累计值3,卫健委累计值0
湖北,日期:1月23日,死亡累计值7,卫健委累计值0
湖北,日期:1月24日,确诊累计值180,卫健委累计值0
湖北,日期:1月24日,出院累计值1,卫健委累计值0
湖北,日期:1月24日,死亡累计值15,卫健委累计值0
湖北,日期:1月25日,确诊累计值323,卫健委累计值0
湖北,日期:1月25日,出院累计值10,卫健委累计值0
湖北,日期:1月25日,死亡累计值13,卫健委累计值0
湖北,日期:1月26日,确诊累计值371,卫健委累计值0
湖北,日期:1月26日,出院累计值2,卫健委累计值0
湖北,日期:1月26日,死亡累计值24,卫健委累计值0
湖北,日期:1月27日,确诊累计值1291,卫健委累计值0
湖北,日期:1月27日,出院累计值3,卫健委累计值0
湖北,日期:1月27日,死亡累计值24,卫健委累计值0
湖北,日期:1月28日,确诊累计值840,卫健委累计值0
湖北,日期:1月28日,出院累计值33,卫健委累计值0
湖北,日期:1月28日,死亡累计值25,卫健委累计值0
湖北,日期:1月29日,确诊累计值1032,卫健委累计值0
湖北,日期:1月29日,出院累计值10,卫健委累计值0
湖北,日期:1月29日,死亡累计值37,卫健委累计值0
湖北,日期:1月30日,确诊累计值1220,卫健委累计值0
湖北,日期:1月30日,出院累计值26,卫健委累计值0
湖北,日期:1月30日,死亡累计值42,卫健委累计值0
湖北,日期:1月31日,确诊累计值1347,卫健委累计值0
湖北,日期:1月31日,出院累计值50,卫健委累计值0
湖北,日期:1月31日,死亡累计值45,卫健委累计值0
湖北,日期:2月1日,确诊累计值1921,卫健委累计值0
湖北,日期:2月1日,出院累计值49,卫健委累计值0
湖北,日期:2月1日,死亡累计值45,卫健委累计值0
湖北,日期:2月2日,确诊累计值2103,卫健委累计值0
湖北,日期:2月2日,出院累计值80,卫健委累计值0
湖北,日期:2月2日,死亡累计值56,卫健委累计值0
湖北,日期:2月3日,确诊累计值2345,卫健委累计值0
湖北,日期:2月3日,出院累计值101,卫健委累计值0
湖北,日期:2月3日,死亡累计值64,卫健委累计值0
湖北,日期:2月4日,确诊累计值3156,卫健委累计值0
湖北,日期:2月4日,出院累计值125,卫健委累计值0
湖北,日期:2月4日,死亡累计值65,卫健委累计值0
湖北,日期:2月5日,确诊累计值2987,卫健委累计值0
湖北,日期:2月5日,出院累计值113,卫健委累计值0
湖北,日期:2月5日,死亡累计值70,卫健委累计值0
湖北,日期:2月6日,确诊累计值2447,卫健委累计值0
湖北,日期:2月6日,出院累计值184,卫健委累计值0
湖北,日期:2月6日,死亡累计值69,卫健委累计值0
湖北,日期:2月7日,确诊累计值2841,卫健委累计值0
湖北,日期:2月7日,出院累计值298,卫健委累计值0
湖北,日期:2月7日,死亡累计值81,卫健委累计值0
湖北,日期:2月8日,确诊累计值2147,卫健委累计值6
湖北,日期:2月8日,出院累计值324,卫健委累计值6
湖北,日期:2月8日,死亡累计值81,卫健委累计值6
湖南,日期:1月21日,确诊累计值1,卫健委累计值0
湖南,日期:1月22日,确诊累计值8,卫健委累计值0
湖南,日期:1月23日,确诊累计值15,卫健委累计值0
湖南,日期:1月24日,确诊累计值19,卫健委累计值0
湖南,日期:1月25日,确诊累计值26,卫健委累计值0
湖南,日期:1月26日,确诊累计值31,卫健委累计值0
湖南,日期:1月27日,确诊累计值43,卫健委累计值0
湖南,日期:1月28日,确诊累计值78,卫健委累计值0
湖南,日期:1月29日,确诊累计值56,卫健委累计值0
湖南,日期:1月30日,确诊累计值55,卫健委累计值0
湖南,日期:1月30日,出院累计值2,卫健委累计值0
湖南,日期:1月31日,确诊累计值57,卫健委累计值0
湖南,日期:1月31日,出院累计值1,卫健委累计值0
湖南,日期:2月1日,确诊累计值74,卫健委累计值0
湖南,日期:2月1日,出院累计值5,卫健委累计值0
湖南,日期:2月2日,确诊累计值58,卫健委累计值0
湖南,日期:2月2日,出院累计值8,卫健委累计值0
湖南,日期:2月3日,确诊累计值72,卫健委累计值0
湖南,日期:2月3日,出院累计值6,卫健委累计值0
湖南,日期:2月4日,确诊累计值68,卫健委累计值0
湖南,日期:2月4日,出院累计值13,卫健委累计值0
湖南,日期:2月5日,确诊累计值50,卫健委累计值0
湖南,日期:2月5日,出院累计值21,卫健委累计值0
湖南,日期:2月6日,确诊累计值61,卫健委累计值0
湖南,日期:2月6日,出院累计值35,卫健委累计值0
湖南,日期:2月7日,确诊累计值31,卫健委累计值0
湖南,日期:2月7日,出院累计值28,卫健委累计值0
湖南,日期:2月8日,确诊累计值35,卫健委累计值6
湖南,日期:2月8日,出院累计值40,卫健委累计值6
湖南,日期:2月8日,死亡累计值1,卫健委累计值6
吉林,日期:1月22日,确诊累计值1,卫健委累计值0
吉林,日期:1月23日,确诊累计值2,卫健委累计值0
吉林,日期:1月24日,确诊累计值1,卫健委累计值0
吉林,日期:1月26日,确诊累计值2,卫健委累计值0
吉林,日期:1月27日,确诊累计值2,卫健委累计值0
吉林,日期:1月28日,确诊累计值1,卫健委累计值0
吉林,日期:1月29日,确诊累计值5,卫健委累计值0
吉林,日期:1月30日,出院累计值1,卫健委累计值0
吉林,日期:1月31日,确诊累计值3,卫健委累计值0
吉林,日期:2月1日,确诊累计值6,卫健委累计值0
吉林,日期:2月2日,确诊累计值8,卫健委累计值0
吉林,日期:2月3日,确诊累计值11,卫健委累计值0
吉林,日期:2月4日,确诊累计值12,卫健委累计值0
吉林,日期:2月5日,确诊累计值5,卫健委累计值0
吉林,日期:2月5日,出院累计值1,卫健委累计值0
吉林,日期:2月6日,确诊累计值6,卫健委累计值0
吉林,日期:2月6日,出院累计值2,卫健委累计值0
吉林,日期:2月7日,确诊累计值4,卫健委累计值0
吉林,日期:2月8日,确诊累计值9,卫健委累计值6
吉林,日期:2月8日,出院累计值1,卫健委累计值6
吉林,日期:2月8日,死亡累计值0,卫健委累计值6
江苏,日期:1月22日,确诊累计值1,卫健委累计值0
江苏,日期:1月23日,确诊累计值8,卫健委累计值0
江苏,日期:1月24日,确诊累计值9,卫健委累计值0
江苏,日期:1月24日,出院累计值1,卫健委累计值0
江苏,日期:1月25日,确诊累计值13,卫健委累计值0
江苏,日期:1月26日,确诊累计值16,卫健委累计值0
江苏,日期:1月27日,确诊累计值23,卫健委累计值0
江苏,日期:1月28日,确诊累计值29,卫健委累计值0
江苏,日期:1月29日,确诊累计值30,卫健委累计值0
江苏,日期:1月30日,确诊累计值39,卫健委累计值0
江苏,日期:1月30日,出院累计值1,卫健委累计值0
江苏,日期:1月31日,确诊累计值34,卫健委累计值0
江苏,日期:1月31日,出院累计值3,卫健委累计值0
江苏,日期:2月1日,确诊累计值34,卫健委累计值0
江苏,日期:2月1日,出院累计值1,卫健委累计值0
江苏,日期:2月2日,确诊累计值35,卫健委累计值0
江苏,日期:2月2日,出院累计值1,卫健委累计值0
江苏,日期:2月3日,确诊累计值37,卫健委累计值0
江苏,日期:2月3日,出院累计值1,卫健委累计值0
江苏,日期:2月4日,确诊累计值33,卫健委累计值0
江苏,日期:2月4日,出院累计值5,卫健委累计值0
江苏,日期:2月5日,确诊累计值32,卫健委累计值0
江苏,日期:2月5日,出院累计值13,卫健委累计值0
江苏,日期:2月6日,确诊累计值35,卫健委累计值0
江苏,日期:2月7日,确诊累计值31,卫健委累计值0
江苏,日期:2月7日,出院累计值5,卫健委累计值0
江苏,日期:2月8日,确诊累计值29,卫健委累计值6
江苏,日期:2月8日,出院累计值8,卫健委累计值6
江苏,日期:2月8日,死亡累计值0,卫健委累计值6
江西,日期:1月21日,确诊累计值2,卫健委累计值0
江西,日期:1月22日,确诊累计值1,卫健委累计值0
江西,日期:1月23日,确诊累计值4,卫健委累计值0
江西,日期:1月24日,确诊累计值11,卫健委累计值0
江西,日期:1月25日,确诊累计值18,卫健委累计值0
江西,日期:1月26日,确诊累计值12,卫健委累计值0
江西,日期:1月27日,确诊累计值24,卫健委累计值0
江西,日期:1月27日,出院累计值2,卫健委累计值0
江西,日期:1月28日,确诊累计值37,卫健委累计值0
江西,日期:1月28日,出院累计值1,卫健委累计值0
江西,日期:1月29日,确诊累计值53,卫健委累计值0
江西,日期:1月30日,确诊累计值78,卫健委累计值0
江西,日期:1月30日,出院累计值4,卫健委累计值0
江西,日期:1月31日,确诊累计值48,卫健委累计值0
江西,日期:1月31日,出院累计值2,卫健委累计值0
江西,日期:2月1日,确诊累计值47,卫健委累计值0
江西,日期:2月1日,出院累计值1,卫健委累计值0
江西,日期:2月2日,确诊累计值60,卫健委累计值0
江西,日期:2月2日,出院累计值8,卫健委累计值0
江西,日期:2月3日,确诊累计值85,卫健委累计值0
江西,日期:2月3日,出院累计值1,卫健委累计值0
江西,日期:2月4日,确诊累计值72,卫健委累计值0
江西,日期:2月4日,出院累计值8,卫健委累计值0
江西,日期:2月5日,确诊累计值52,卫健委累计值0
江西,日期:2月5日,出院累计值10,卫健委累计值0
江西,日期:2月6日,确诊累计值61,卫健委累计值0
江西,日期:2月6日,出院累计值8,卫健委累计值0
江西,日期:2月7日,确诊累计值37,卫健委累计值0
江西,日期:2月7日,出院累计值10,卫健委累计值0
江西,日期:2月8日,确诊累计值42,卫健委累计值6
江西,日期:2月8日,出院累计值17,卫健委累计值6
江西,日期:2月8日,死亡累计值0,卫健委累计值6
辽宁,日期:1月22日,确诊累计值2,卫健委累计值0
辽宁,日期:1月23日,确诊累计值2,卫健委累计值0
辽宁,日期:1月24日,确诊累计值8,卫健委累计值0
辽宁,日期:1月25日,确诊累计值5,卫健委累计值0
辽宁,日期:1月26日,确诊累计值5,卫健委累计值0
辽宁,日期:1月27日,确诊累计值8,卫健委累计值0
辽宁,日期:1月28日,确诊累计值6,卫健委累计值0
辽宁,日期:1月29日,确诊累计值5,卫健委累计值0
辽宁,日期:1月29日,出院累计值1,卫健委累计值0
辽宁,日期:1月30日,确诊累计值4,卫健委累计值0
辽宁,日期:1月31日,确诊累计值15,卫健委累计值0
辽宁,日期:2月1日,确诊累计值4,卫健委累计值0
辽宁,日期:2月2日,确诊累计值6,卫健委累计值0
辽宁,日期:2月3日,确诊累计值4,卫健委累计值0
辽宁,日期:2月4日,确诊累计值7,卫健委累计值0
辽宁,日期:2月4日,出院累计值1,卫健委累计值0
辽宁,日期:2月5日,确诊累计值8,卫健委累计值0
辽宁,日期:2月5日,出院累计值2,卫健委累计值0
辽宁,日期:2月6日,确诊累计值6,卫健委累计值0
辽宁,日期:2月6日,出院累计值2,卫健委累计值0
辽宁,日期:2月7日,确诊累计值4,卫健委累计值0
辽宁,日期:2月7日,出院累计值1,卫健委累计值0
辽宁,日期:2月8日,出院累计值1,卫健委累计值6
辽宁,日期:2月8日,死亡累计值0,卫健委累计值6
内蒙古,日期:1月23日,确诊累计值1,卫健委累计值0
内蒙古,日期:1月24日,确诊累计值1,卫健委累计值0
内蒙古,日期:1月25日,确诊累计值5,卫健委累计值0
内蒙古,日期:1月26日,确诊累计值4,卫健委累计值0
内蒙古,日期:1月27日,确诊累计值2,卫健委累计值0
内蒙古,日期:1月28日,确诊累计值3,卫健委累计值0
内蒙古,日期:1月29日,确诊累计值2,卫健委累计值0
内蒙古,日期:1月30日,确诊累计值2,卫健委累计值0
内蒙古,日期:1月31日,确诊累计值3,卫健委累计值0
内蒙古,日期:1月31日,出院累计值1,卫健委累计值0
内蒙古,日期:2月1日,确诊累计值4,卫健委累计值0
内蒙古,日期:2月2日,确诊累计值7,卫健委累计值0
内蒙古,日期:2月3日,确诊累计值1,卫健委累计值0
内蒙古,日期:2月4日,确诊累计值7,卫健委累计值0
内蒙古,日期:2月5日,确诊累计值4,卫健委累计值0
内蒙古,日期:2月6日,确诊累计值4,卫健委累计值0
内蒙古,日期:2月7日,确诊累计值2,卫健委累计值0
内蒙古,日期:2月8日,确诊累计值2,卫健委累计值6
内蒙古,日期:2月8日,出院累计值0,卫健委累计值6
内蒙古,日期:2月8日,死亡累计值0,卫健委累计值6
宁夏,日期:1月21日,确诊累计值1,卫健委累计值0
宁夏,日期:1月23日,确诊累计值1,卫健委累计值0
宁夏,日期:1月24日,确诊累计值1,卫健委累计值0
宁夏,日期:1月25日,确诊累计值1,卫健委累计值0
宁夏,日期:1月26日,确诊累计值3,卫健委累计值0
宁夏,日期:1月27日,确诊累计值4,卫健委累计值0
宁夏,日期:1月28日,确诊累计值1,卫健委累计值0
宁夏,日期:1月29日,确诊累计值5,卫健委累计值0
宁夏,日期:1月30日,确诊累计值4,卫健委累计值0
宁夏,日期:1月31日,确诊累计值5,卫健委累计值0
宁夏,日期:2月1日,确诊累计值2,卫健委累计值0
宁夏,日期:2月2日,确诊累计值3,卫健委累计值0
宁夏,日期:2月3日,确诊累计值3,卫健委累计值0
宁夏,日期:2月3日,出院累计值1,卫健委累计值0
宁夏,日期:2月5日,确诊累计值6,卫健委累计值0
宁夏,日期:2月6日,确诊累计值3,卫健委累计值0
宁夏,日期:2月7日,确诊累计值2,卫健委累计值0
宁夏,日期:2月8日,确诊累计值2,卫健委累计值6
宁夏,日期:2月8日,出院累计值10,卫健委累计值6
宁夏,日期:2月8日,死亡累计值0,卫健委累计值6
青海,日期:1月25日,确诊累计值1,卫健委累计值0
青海,日期:1月26日,确诊累计值3,卫健委累计值0
青海,日期:1月27日,确诊累计值2,卫健委累计值0
青海,日期:1月30日,确诊累计值2,卫健委累计值0
青海,日期:1月31日,确诊累计值1,卫健委累计值0
青海,日期:2月2日,确诊累计值4,卫健委累计值0
青海,日期:2月3日,确诊累计值2,卫健委累计值0
青海,日期:2月4日,确诊累计值2,卫健委累计值0
青海,日期:2月5日,确诊累计值1,卫健委累计值0
青海,日期:2月5日,出院累计值3,卫健委累计值0
青海,日期:2月8日,确诊累计值0,卫健委累计值6
青海,日期:2月8日,出院累计值0,卫健委累计值6
青海,日期:2月8日,死亡累计值0,卫健委累计值6
山东,日期:1月21日,确诊累计值2,卫健委累计值0
山东,日期:1月22日,确诊累计值4,卫健委累计值0
山东,日期:1月23日,确诊累计值3,卫健委累计值0
山东,日期:1月24日,确诊累计值12,卫健委累计值0
山东,日期:1月25日,确诊累计值18,卫健委累计值0
山东,日期:1月26日,确诊累计值24,卫健委累计值0
山东,日期:1月27日,确诊累计值24,卫健委累计值0
山东,日期:1月28日,确诊累计值34,卫健委累计值0
山东,日期:1月29日,确诊累计值24,卫健委累计值0
山东,日期:1月29日,出院累计值1,卫健委累计值0
山东,日期:1月30日,确诊累计值33,卫健委累计值0
山东,日期:1月30日,出院累计值1,卫健委累计值0
山东,日期:1月31日,确诊累计值24,卫健委累计值0
山东,日期:2月1日,确诊累计值23,卫健委累计值0
山东,日期:2月1日,出院累计值3,卫健委累计值0
山东,日期:2月2日,确诊累计值21,卫健委累计值0
山东,日期:2月2日,出院累计值1,卫健委累计值0
山东,日期:2月3日,确诊累计值24,卫健委累计值0
山东,日期:2月3日,出院累计值1,卫健委累计值0
山东,日期:2月4日,确诊累计值28,卫健委累计值0
山东,日期:2月4日,出院累计值6,卫健委累计值0
山东,日期:2月5日,确诊累计值45,卫健委累计值0
山东,日期:2月5日,出院累计值5,卫健委累计值0
山东,日期:2月6日,确诊累计值36,卫健委累计值0
山东,日期:2月7日,确诊累计值30,卫健委累计值0
山东,日期:2月7日,出院累计值7,卫健委累计值0
山东,日期:2月8日,确诊累计值28,卫健委累计值6
山东,日期:2月8日,出院累计值0,卫健委累计值6
山东,日期:2月8日,死亡累计值0,卫健委累计值6
山西,日期:1月22日,确诊累计值1,卫健委累计值0
山西,日期:1月24日,确诊累计值5,卫健委累计值0
山西,日期:1月25日,确诊累计值3,卫健委累计值0
山西,日期:1月26日,确诊累计值4,卫健委累计值0
山西,日期:1月27日,确诊累计值7,卫健委累计值0
山西,日期:1月28日,确诊累计值7,卫健委累计值0
山西,日期:1月29日,确诊累计值8,卫健委累计值0
山西,日期:1月29日,出院累计值1,卫健委累计值0
山西,日期:1月30日,确诊累计值4,卫健委累计值0
山西,日期:1月31日,确诊累计值8,卫健委累计值0
山西,日期:2月1日,确诊累计值9,卫健委累计值0
山西,日期:2月2日,确诊累计值10,卫健委累计值0
山西,日期:2月2日,出院累计值1,卫健委累计值0
山西,日期:2月3日,确诊累计值8,卫健委累计值0
山西,日期:2月4日,确诊累计值7,卫健委累计值0
山西,日期:2月4日,出院累计值2,卫健委累计值0
山西,日期:2月5日,确诊累计值9,卫健委累计值0
山西,日期:2月5日,出院累计值2,卫健委累计值0
山西,日期:2月6日,确诊累计值6,卫健委累计值0
山西,日期:2月6日,出院累计值6,卫健委累计值0
山西,日期:2月7日,确诊累计值8,卫健委累计值0
山西,日期:2月7日,出院累计值3,卫健委累计值0
山西,日期:2月8日,确诊累计值12,卫健委累计值6
山西,日期:2月8日,死亡累计值0,卫健委累计值6
陕西,日期:1月22日,确诊累计值3,卫健委累计值0
陕西,日期:1月23日,确诊累计值2,卫健委累计值0
陕西,日期:1月24日,确诊累计值10,卫健委累计值0
陕西,日期:1月25日,确诊累计值7,卫健委累计值0
陕西,日期:1月26日,确诊累计值13,卫健委累计值0
陕西,日期:1月27日,确诊累计值11,卫健委累计值0
陕西,日期:1月28日,确诊累计值10,卫健委累计值0
陕西,日期:1月29日,确诊累计值7,卫健委累计值0
陕西,日期:1月30日,确诊累计值24,卫健委累计值0
陕西,日期:1月31日,确诊累计值16,卫健委累计值0
陕西,日期:2月1日,确诊累计值15,卫健委累计值0
陕西,日期:2月2日,确诊累计值12,卫健委累计值0
陕西,日期:2月3日,确诊累计值14,卫健委累计值0
陕西,日期:2月3日,出院累计值1,卫健委累计值0
陕西,日期:2月4日,确诊累计值23,卫健委累计值0
陕西,日期:2月4日,出院累计值1,卫健委累计值0
陕西,日期:2月5日,确诊累计值8,卫健委累计值0
陕西,日期:2月5日,出院累计值4,卫健委累计值0
陕西,日期:2月6日,确诊累计值11,卫健委累计值0
陕西,日期:2月6日,出院累计值5,卫健委累计值0
陕西,日期:2月7日,确诊累计值11,卫健委累计值0
陕西,日期:2月7日,出院累计值6,卫健委累计值0
陕西,日期:2月8日,确诊累计值13,卫健委累计值6
陕西,日期:2月8日,出院累计值3,卫健委累计值6
陕西,日期:2月8日,死亡累计值0,卫健委累计值6
上海,日期:1月20日,确诊累计值2,卫健委累计值0
上海,日期:1月21日,确诊累计值7,卫健委累计值0
上海,日期:1月22日,确诊累计值7,卫健委累计值0
上海,日期:1月23日,确诊累计值4,卫健委累计值0
上海,日期:1月24日,确诊累计值13,卫健委累计值0
上海,日期:1月24日,出院累计值1,卫健委累计值0
上海,日期:1月25日,确诊累计值7,卫健委累计值0
上海,日期:1月25日,死亡累计值1,卫健委累计值0
上海,日期:1月26日,确诊累计值13,卫健委累计值0
上海,日期:1月27日,确诊累计值13,卫健委累计值0
上海,日期:1月27日,出院累计值2,卫健委累计值0
上海,日期:1月28日,确诊累计值14,卫健委累计值0
上海,日期:1月28日,出院累计值1,卫健委累计值0
上海,日期:1月29日,确诊累计值21,卫健委累计值0
上海,日期:1月29日,出院累计值1,卫健委累计值0
上海,日期:1月30日,确诊累计值27,卫健委累计值0
上海,日期:1月31日,确诊累计值25,卫健委累计值0
上海,日期:1月31日,出院累计值4,卫健委累计值0
上海,日期:2月1日,确诊累计值24,卫健委累计值0
上海,日期:2月1日,出院累计值1,卫健委累计值0
上海,日期:2月2日,确诊累计值16,卫健委累计值0
上海,日期:2月3日,确诊累计值15,卫健委累计值0
上海,日期:2月4日,确诊累计值25,卫健委累计值0
上海,日期:2月4日,出院累计值2,卫健委累计值0
上海,日期:2月5日,确诊累计值21,卫健委累计值0
上海,日期:2月5日,出院累计值3,卫健委累计值0
上海,日期:2月6日,确诊累计值15,卫健委累计值0
上海,日期:2月7日,确诊累计值12,卫健委累计值0
上海,日期:2月7日,出院累计值5,卫健委累计值0
上海,日期:2月8日,确诊累计值11,卫健委累计值6
上海,日期:2月8日,出院累计值11,卫健委累计值6
上海,日期:2月8日,死亡累计值0,卫健委累计值6
四川,日期:1月21日,确诊累计值2,卫健委累计值0
四川,日期:1月22日,确诊累计值6,卫健委累计值0
四川,日期:1月23日,确诊累计值7,卫健委累计值0
四川,日期:1月24日,确诊累计值13,卫健委累计值0
四川,日期:1月25日,确诊累计值16,卫健委累计值0
四川,日期:1月26日,确诊累计值25,卫健委累计值0
四川,日期:1月27日,确诊累计值21,卫健委累计值0
四川,日期:1月28日,确诊累计值18,卫健委累计值0
四川,日期:1月29日,确诊累计值34,卫健委累计值0
四川,日期:1月29日,出院累计值1,卫健委累计值0
四川,日期:1月29日,死亡累计值1,卫健委累计值0
四川,日期:1月30日,确诊累计值37,卫健委累计值0
四川,日期:1月31日,确诊累计值30,卫健委累计值0
四川,日期:1月31日,出院累计值2,卫健委累计值0
四川,日期:2月1日,确诊累计值24,卫健委累计值0
四川,日期:2月2日,确诊累计值23,卫健委累计值0
四川,日期:2月2日,出院累计值9,卫健委累计值0
四川,日期:2月3日,确诊累计值28,卫健委累计值0
四川,日期:2月3日,出院累计值2,卫健委累计值0
四川,日期:2月4日,确诊累计值19,卫健委累计值0
四川,日期:2月4日,出院累计值9,卫健委累计值0
四川,日期:2月5日,确诊累计值20,卫健委累计值0
四川,日期:2月5日,出院累计值4,卫健委累计值0
四川,日期:2月6日,确诊累计值23,卫健委累计值0
四川,日期:2月6日,出院累计值10,卫健委累计值0
四川,日期:2月7日,确诊累计值19,卫健委累计值0
四川,日期:2月7日,出院累计值13,卫健委累计值0
四川,日期:2月8日,确诊累计值23,卫健委累计值6
四川,日期:2月8日,出院累计值0,卫健委累计值6
四川,日期:2月8日,死亡累计值0,卫健委累计值6
天津,日期:1月21日,确诊累计值2,卫健委累计值0
天津,日期:1月22日,确诊累计值2,卫健委累计值0
天津,日期:1月23日,确诊累计值1,卫健委累计值0
天津,日期:1月24日,确诊累计值3,卫健委累计值0
天津,日期:1月25日,确诊累计值2,卫健委累计值0
天津,日期:1月26日,确诊累计值4,卫健委累计值0
天津,日期:1月27日,确诊累计值9,卫健委累计值0
天津,日期:1月28日,确诊累计值1,卫健委累计值0
天津,日期:1月29日,确诊累计值3,卫健委累计值0
天津,日期:1月30日,确诊累计值4,卫健委累计值0
天津,日期:1月31日,确诊累计值1,卫健委累计值0
天津,日期:2月1日,确诊累计值9,卫健委累计值0
天津,日期:2月2日,确诊累计值7,卫健委累计值0
天津,日期:2月2日,出院累计值1,卫健委累计值0
天津,日期:2月3日,确诊累计值12,卫健委累计值0
天津,日期:2月4日,确诊累计值4,卫健委累计值0
天津,日期:2月4日,出院累计值1,卫健委累计值0
天津,日期:2月5日,确诊累计值2,卫健委累计值0
天津,日期:2月5日,死亡累计值1,卫健委累计值0
天津,日期:2月6日,确诊累计值10,卫健委累计值0
天津,日期:2月7日,确诊累计值2,卫健委累计值0
天津,日期:2月8日,确诊累计值7,卫健委累计值6
天津,日期:2月8日,出院累计值2,卫健委累计值6
天津,日期:2月8日,死亡累计值0,卫健委累计值6
西藏,日期:1月29日,确诊累计值1,卫健委累计值0
西藏,日期:2月8日,确诊累计值3,卫健委累计值6
西藏,日期:2月8日,出院累计值0,卫健委累计值6
西藏,日期:2月8日,死亡累计值0,卫健委累计值6
新疆,日期:1月23日,确诊累计值2,卫健委累计值0
新疆,日期:1月24日,确诊累计值1,卫健委累计值0
新疆,日期:1月25日,确诊累计值1,卫健委累计值0
新疆,日期:1月26日,确诊累计值1,卫健委累计值0
新疆,日期:1月27日,确诊累计值5,卫健委累计值0
新疆,日期:1月28日,确诊累计值3,卫健委累计值0
新疆,日期:1月29日,确诊累计值1,卫健委累计值0
新疆,日期:1月30日,确诊累计值3,卫健委累计值0
新疆,日期:1月31日,确诊累计值1,卫健委累计值0
新疆,日期:2月1日,确诊累计值3,卫健委累计值0
新疆,日期:2月2日,确诊累计值3,卫健委累计值0
新疆,日期:2月3日,确诊累计值5,卫健委累计值0
新疆,日期:2月4日,确诊累计值3,卫健委累计值0
新疆,日期:2月5日,确诊累计值4,卫健委累计值0
新疆,日期:2月6日,确诊累计值3,卫健委累计值0
新疆,日期:2月7日,确诊累计值3,卫健委累计值0
云南,日期:1月21日,确诊累计值1,卫健委累计值0
云南,日期:1月23日,确诊累计值1,卫健委累计值0
云南,日期:1月24日,确诊累计值3,卫健委累计值0
云南,日期:1月25日,确诊累计值6,卫健委累计值0
云南,日期:1月26日,确诊累计值8,卫健委累计值0
云南,日期:1月27日,确诊累计值25,卫健委累计值0
云南,日期:1月28日,确诊累计值7,卫健委累计值0
云南,日期:1月29日,确诊累计值19,卫健委累计值0
云南,日期:1月30日,确诊累计值10,卫健委累计值0
云南,日期:1月31日,确诊累计值11,卫健委累计值0
云南,日期:1月31日,出院累计值1,卫健委累计值0
云南,日期:2月1日,确诊累计值8,卫健委累计值0
云南,日期:2月1日,出院累计值1,卫健委累计值0
云南,日期:2月2日,确诊累计值10,卫健委累计值0
云南,日期:2月2日,出院累计值1,卫健委累计值0
云南,日期:2月3日,确诊累计值8,卫健委累计值0
云南,日期:2月3日,出院累计值2,卫健委累计值0
云南,日期:2月4日,确诊累计值5,卫健委累计值0
云南,日期:2月5日,确诊累计值6,卫健委累计值0
云南,日期:2月6日,确诊累计值7,卫健委累计值0
云南,日期:2月7日,确诊累计值3,卫健委累计值0
云南,日期:2月8日,确诊累计值2,卫健委累计值6
云南,日期:2月8日,出院累计值0,卫健委累计值6
云南,日期:2月8日,死亡累计值0,卫健委累计值6
浙江,日期:1月20日,确诊累计值5,卫健委累计值0
浙江,日期:1月21日,确诊累计值5,卫健委累计值0
浙江,日期:1月22日,确诊累计值17,卫健委累计值0
浙江,日期:1月22日,出院累计值1,卫健委累计值0
浙江,日期:1月23日,确诊累计值16,卫健委累计值0
浙江,日期:1月24日,确诊累计值19,卫健委累计值0
浙江,日期:1月25日,确诊累计值42,卫健委累计值0
浙江,日期:1月26日,确诊累计值24,卫健委累计值0
浙江,日期:1月27日,确诊累计值45,卫健委累计值0
浙江,日期:1月28日,确诊累计值123,卫健委累计值0
浙江,日期:1月28日,出院累计值2,卫健委累计值0
浙江,日期:1月29日,确诊累计值132,卫健委累计值0
浙江,日期:1月29日,出院累计值1,卫健委累计值0
浙江,日期:1月30日,确诊累计值109,卫健委累计值0
浙江,日期:1月30日,出院累计值5,卫健委累计值0
浙江,日期:1月31日,确诊累计值62,卫健委累计值0
浙江,日期:1月31日,出院累计值6,卫健委累计值0
浙江,日期:2月1日,确诊累计值62,卫健委累计值0
浙江,日期:2月1日,出院累计值8,卫健委累计值0
浙江,日期:2月2日,确诊累计值63,卫健委累计值0
浙江,日期:2月2日,出院累计值13,卫健委累计值0
浙江,日期:2月3日,确诊累计值105,卫健委累计值0
浙江,日期:2月3日,出院累计值12,卫健委累计值0
浙江,日期:2月4日,确诊累计值66,卫健委累计值0
浙江,日期:2月4日,出院累计值15,卫健委累计值0
浙江,日期:2月5日,确诊累计值59,卫健委累计值0
浙江,日期:2月5日,出院累计值18,卫健委累计值0
浙江,日期:2月6日,确诊累计值52,卫健委累计值0
浙江,日期:2月6日,出院累计值17,卫健委累计值0
浙江,日期:2月7日,确诊累计值42,卫健委累计值0
浙江,日期:2月7日,出院累计值29,卫健委累计值0
浙江,日期:2月8日,确诊累计值27,卫健委累计值6
浙江,日期:2月8日,出院累计值46,卫健委累计值6
浙江,日期:2月8日,死亡累计值0,卫健委累计值6
重庆,日期:1月21日,确诊累计值6,卫健委累计值0
重庆,日期:1月22日,确诊累计值3,卫健委累计值0
重庆,日期:1月23日,确诊累计值18,卫健委累计值0
重庆,日期:1月24日,确诊累计值30,卫健委累计值0
重庆,日期:1月25日,确诊累计值18,卫健委累计值0
重庆,日期:1月26日,确诊累计值35,卫健委累计值0
重庆,日期:1月27日,确诊累计值22,卫健委累计值0
重庆,日期:1月28日,确诊累计值15,卫健委累计值0
重庆,日期:1月29日,确诊累计值18,卫健委累计值0
重庆,日期:1月29日,出院累计值1,卫健委累计值0
重庆,日期:1月30日,确诊累计值41,卫健委累计值0
重庆,日期:1月31日,确诊累计值32,卫健委累计值0
重庆,日期:1月31日,死亡累计值1,卫健委累计值0
重庆,日期:2月1日,确诊累计值24,卫健委累计值0
重庆,日期:2月1日,出院累计值2,卫健委累计值0
重庆,日期:2月2日,确诊累计值38,卫健委累计值0
重庆,日期:2月2日,出院累计值4,卫健委累计值0
重庆,日期:2月2日,死亡累计值1,卫健委累计值0
重庆,日期:2月3日,确诊累计值37,卫健委累计值0
重庆,日期:2月3日,出院累计值2,卫健委累计值0
重庆,日期:2月4日,确诊累计值29,卫健委累计值0
重庆,日期:2月4日,出院累计值5,卫健委累计值0
重庆,日期:2月5日,确诊累计值23,卫健委累计值0
重庆,日期:2月5日,出院累计值1,卫健委累计值0
重庆,日期:2月6日,确诊累计值22,卫健委累计值0
重庆,日期:2月6日,出院累计值9,卫健委累计值0
重庆,日期:2月7日,确诊累计值15,卫健委累计值0
重庆,日期:2月7日,出院累计值7,卫健委累计值0
重庆,日期:2月8日,确诊累计值20,卫健委累计值6
重庆,日期:2月8日,出院累计值0,卫健委累计值6
重庆,日期:2月8日,死亡累计值0,卫健委累计值6
------------------全国级复核：省级累积==全国累积-----------------
1月19日,各省新增确诊病例累积80,国家级新增77
1月19日,各省新增死亡数累积1,国家级新增0
1月20日,各省新增确诊病例累积95,国家级新增77
1月20日,各省新增死亡数累积2,国家级新增0
1月21日,各省新增确诊病例累积154,国家级新增149
1月21日,各省新增治愈出院数累积3,国家级新增0
1月21日,各省新增死亡数累积3,国家级新增0
1月22日,各省新增确诊病例累积168,国家级新增131
1月22日,各省新增治愈出院数累积1,国家级新增0
1月23日,各省新增确诊病例累积255,国家级新增259
1月23日,各省新增治愈出院数累积5,国家级新增6
1月23日,各省新增死亡数累积9,国家级新增8
1月24日,各省新增确诊病例累积467,国家级新增444
1月24日,各省新增治愈出院数累积4,国家级新增3
1月24日,各省新增死亡数累积15,国家级新增16
1月25日,各省新增确诊病例累积664,国家级新增688
1月26日,各省新增确诊病例累积785,国家级新增769
1月27日,各省新增确诊病例累积1784,国家级新增1771
1月28日,各省新增确诊病例累积1423,国家级新增1459
1月28日,各省新增治愈出院数累积46,国家级新增43
1月29日,各省新增确诊病例累积1728,国家级新增1737
1月29日,各省新增治愈出院数累积22,国家级新增21
1月30日,各省新增确诊病例累积1975,国家级新增1982
1月30日,各省新增治愈出院数累积46,国家级新增47
2月1日,各省新增确诊病例累积2587,国家级新增2590
2月2日,各省新增确诊病例累积2828,国家级新增2829
2月2日,各省新增治愈出院数累积150,国家级新增147
2月3日,各省新增确诊病例累积3227,国家级新增3235
2月3日,各省新增治愈出院数累积166,国家级新增157
2月4日,各省新增确诊病例累积3889,国家级新增3887
2月4日,各省新增治愈出院数累积250,国家级新增262
2月5日,各省新增确诊病例累积3693,国家级新增3694
2月5日,各省新增治愈出院数累积258,国家级新增261
2月6日,各省新增确诊病例累积3143,国家级新增3151
2月6日,各省新增治愈出院数累积328,国家级新增1657
2月6日,各省新增死亡数累积72,国家级新增73
2月7日,各省新增确诊病例累积3403,国家级新增3399
2月7日,各省新增治愈出院数累积502,国家级新增0
2月7日,各省新增死亡数累积87,国家级新增0
2月8日,各省新增确诊病例累积2645,国家级新增2652
2月8日,各省新增治愈出院数累积548,国家级新增600
2月8日,各省新增死亡数累积88,国家级新增89
